Arguments: 
  /usr/local/Cellar/node@14/14.18.2/bin/node /usr/local/Cellar/yarn/1.22.17_1/libexec/bin/yarn.js

PATH: 
  /usr/local/opt/node@14/bin:/Users/acammm/Development/Lido/solido/target/release:/Users/acammm/.local/share/solana/install/active_release/bin:/Users/acammm/bin:/usr/local/bin:/Users/acammm/.local/share/solana/install/active_release/bin:/usr/local/bin:/usr/bin:/bin:/usr/sbin:/sbin:/usr/local/opt/node@14/bin:/Users/acammm/Development/Lido/solido/target/release:/Users/acammm/.local/share/solana/install/active_release/bin:/Users/acammm/bin:/Users/acammm/.cargo/bin

Yarn version: 
  1.22.17

Node version: 
  14.18.2

Platform: 
  darwin x64

Trace: 
  Error: https://registry.yarnpkg.com/@UXDProtocol%2fuxd-client: Not found
      at Request.params.callback [as _callback] (/usr/local/Cellar/yarn/1.22.17_1/libexec/lib/cli.js:67029:18)
      at Request.self.callback (/usr/local/Cellar/yarn/1.22.17_1/libexec/lib/cli.js:140883:22)
      at Request.emit (events.js:400:28)
      at Request.<anonymous> (/usr/local/Cellar/yarn/1.22.17_1/libexec/lib/cli.js:141855:10)
      at Request.emit (events.js:400:28)
      at IncomingMessage.<anonymous> (/usr/local/Cellar/yarn/1.22.17_1/libexec/lib/cli.js:141777:12)
      at Object.onceWrapper (events.js:519:28)
      at IncomingMessage.emit (events.js:412:35)
      at endReadableNT (internal/streams/readable.js:1334:12)
      at processTicksAndRejections (internal/process/task_queues.js:82:21)

npm manifest: 
  {
      "dependencies": {
          "@solana/web3.js": "1.33.0",
          "@project-serum/anchor": "^0.20.1",
          "@UXDProtocol/uxd-client": "4.18.0",
          "@solana/spl-token": "0.1.8"
      },
      "devDependencies": {
          "@types/mocha": "^9.0.0",
          "chai": "^4.3.4",
          "mocha": "^9.0.3",
          "ts-mocha": "^8.0.0",
          "typescript": "^4.3.5"
      }
  }

yarn manifest: 
  No manifest

Lockfile: 
  No lockfile
